<?xml version="1.0" encoding="UTF-8"?>
<!-- Generated by org.testng.reporters.JUnitReportReporter -->
<testsuite hostname="LAPTOP-LNIA7MG2" failures="1" tests="1" name="testRunner.FailedTestRunner" time="7.340" errors="0" timestamp="2024-09-15T12:56:00 IST" skipped="0">
  <testcase classname="testRunner.FailedTestRunner" name="runScenario" time="7.340">
    <failure message="expected [Beetroot] but found [No data]" type="java.lang.AssertionError">
      <![CDATA[java.lang.AssertionError: expected [Beetroot] but found [No data]
at org.testng.Assert.fail(Assert.java:111)
at org.testng.Assert.failNotEquals(Assert.java:1578)
at org.testng.Assert.assertEqualsImpl(Assert.java:150)
at org.testng.Assert.assertEquals(Assert.java:132)
at org.testng.Assert.assertEquals(Assert.java:656)
at org.testng.Assert.assertEquals(Assert.java:666)
at definitions.OfferpageStepDefinition.validate_product_name_in_offers_page_matches_with_landing_page(OfferpageStepDefinition.java:58)
at ✽.validate product name in offers page  matches with Landing Page(file:///C:/Users/hp/OneDrive/Desktop/CucumberRahulShetty/CucumberFramework/src/test/java/features/searchProduct.feature:9)
]]>
    </failure>
  </testcase> <!-- runScenario -->
</testsuite> <!-- testRunner.FailedTestRunner -->
